
                            < M A T L A B (R) >
                  Copyright 1984-2023 The MathWorks, Inc.
                  R2023a (9.14.0.2206163) 64-bit (glnxa64)
                             February 22, 2023

Warning: X does not support locale en_US.UTF-8
 
To get started, type doc.
For product information, visit www.mathworks.com.
 
*************************************************************************************
Solving problem 2013_firL2L1alph from pass dataset ...
[Matrices A]
	block 1: 30268 x 1, norm  = 1.0000e+00, sparcity = 3.3038e-05
	block 2: 30268 x 49611, norm  = 1.4281e+04, sparcity = 6.6500e-03
	total: 30268 x 49612, norm = 1.4281e+04, sparcity = 6.6498e-03
[Cone]
	block 1: 'l' [ 1 ]
	block 2: 'q' [ 3 3 3 3 3 ... 3 3 3 3 19845 ]
		(Cartesian product of 9923 cones with sizes ranging from 3 to 19845)
System_opt = 2
Number of dense rows: 501
Number of sparse rows: 29767
Number of dense columns (new At): 3
Number of sparse columns (new At): 99723
Number of non-zero elements in lhs_structure: 228216
 iter     sig     pobj     dobj  gaporg pinforg dinforg       F    tau1    tau2   CGres  nt_res  smooth    step 
    1 1.0e-02 -1.0e+02 -9.3e+00 8.3e-01 6.0e-01 7.4e-01 2.5e+00 3.4e+01 1.2e+00 4.0e-12 6.1e-12 1.0e-15 1.0e+00 
    2 1.0e-02 -5.9e-01 -1.1e+00 1.9e-01 3.1e-02 3.9e-02 8.4e-02 1.2e+00 6.8e-01 1.0e-10 2.6e-09 1.0e-15 1.0e+00 
    3 1.0e-02 -1.8e-02 -9.9e-01 4.8e-01 6.7e-04 1.5e-01 5.0e-01 2.2e-02 3.5e-01 1.0e-09 9.5e-09 1.0e-15 1.0e+00 
    4 1.0e-02 -2.6e-02 -2.3e-01 1.6e-01 3.9e-03 5.2e-03 9.8e-03 1.2e-01 2.8e-01 1.5e-09 2.6e-08 1.0e-15 1.0e+00 
    5 1.0e-02 -2.2e-01  1.1e-02 1.9e-01 6.4e-06 9.7e-02 2.5e-01 7.9e-04 1.0e-01 4.1e-09 1.3e-08 1.0e-15 1.0e+00 
    6 1.0e-02 -1.7e-01 -1.9e-01 1.8e-02 4.5e-04 2.2e-03 3.1e-03 1.3e-01 6.8e-01 1.8e-09 2.2e-09 1.0e-15 1.0e+00 
    7 1.0e-02 -2.1e-01 -7.6e-02 1.1e-01 9.8e-07 5.1e-02 1.0e-01 3.5e-04 2.3e-01 1.9e-09 2.7e-09 1.0e-15 1.0e+00 
    8 1.0e-02 -2.0e-01 -1.5e-01 3.5e-02 2.9e-04 1.7e-03 2.7e-03 1.1e-01 1.6e+00 5.9e-10 6.0e-10 1.0e-15 1.0e+00 
    9 1.0e-02 -2.0e-01 -7.9e-02 9.7e-02 1.2e-06 1.2e-02 2.4e-02 1.1e-03 5.7e-01 3.0e-09 3.5e-09 1.0e-15 1.0e+00 
   10 1.0e-02 -2.0e-01 -1.3e-01 5.1e-02 6.5e-05 7.8e-04 1.1e-03 6.3e-02 3.5e+00 1.7e-10 1.7e-10 1.0e-15 1.0e+00 
  -- sigma updated: 0.015000
   11 1.5e-02 -2.1e-01 -1.3e-01 5.9e-02 1.4e-04 7.3e-04 2.2e-03 8.0e-04 1.3e+00 9.1e-11 9.4e-11 1.0e-15 1.0e+00 
   12 1.5e-02 -2.1e-01 -1.3e-01 5.7e-02 1.5e-06 1.1e-03 3.7e-03 2.0e-03 6.5e-01 1.0e-10 1.0e-10 1.0e-15 1.0e+00 
   13 1.5e-02 -2.2e-01 -1.4e-01 5.5e-02 2.7e-07 8.7e-04 3.3e-03 1.7e-03 3.4e-01 2.7e-10 2.7e-10 1.0e-15 1.0e+00 
   14 1.5e-02 -2.2e-01 -1.5e-01 4.9e-02 1.4e-07 6.2e-04 2.6e-03 8.1e-04 1.7e-01 7.1e-10 7.2e-10 1.0e-15 1.0e+00 
   15 1.5e-02 -2.2e-01 -1.6e-01 4.5e-02 5.7e-08 3.7e-04 1.5e-03 3.3e-04 8.0e-02 9.9e-11 1.0e-10 1.0e-15 1.0e+00 
   16 1.5e-02 -2.3e-01 -1.7e-01 3.9e-02 2.5e-08 4.0e-04 1.7e-03 9.7e-05 3.8e-02 5.0e-10 5.1e-10 1.0e-15 1.0e+00 
   17 1.5e-02 -2.3e-01 -1.8e-01 3.3e-02 1.8e-08 6.1e-04 2.6e-03 5.3e-05 1.9e-02 9.8e-11 1.1e-10 1.0e-15 1.0e+00 
   18 1.5e-02 -2.3e-01 -2.0e-01 2.5e-02 1.8e-08 7.6e-04 3.2e-03 4.1e-05 1.0e-02 1.1e-09 1.9e-09 1.0e-15 1.0e+00 
   19 1.5e-02 -2.4e-01 -2.1e-01 1.9e-02 1.1e-08 7.8e-04 3.3e-03 2.5e-05 5.1e-03 4.7e-10 1.1e-09 1.0e-15 1.0e+00 
 iter     sig     pobj     dobj  gaporg pinforg dinforg       F    tau1    tau2   CGres  nt_res  smooth    step 
   20 1.5e-02 -2.4e-01 -2.2e-01 1.3e-02 6.4e-09 6.9e-04 2.9e-03 1.3e-05 2.6e-03 1.0e-09 3.9e-09 1.0e-15 1.0e+00 
  -- sigma updated: 0.022500
   21 2.2e-02 -2.4e-01 -2.3e-01 1.0e-02 1.1e-03 1.1e-04 1.7e-03 8.2e-06 1.8e-03 3.2e-09 1.0e-08 1.0e-15 1.0e+00 
   22 2.2e-02 -2.4e-01 -2.4e-01 3.9e-03 2.6e-08 1.3e-04 7.3e-04 4.1e-06 1.0e-03 3.4e-10 5.7e-10 1.0e-15 1.0e+00 
   23 2.2e-02 -2.4e-01 -2.4e-01 1.7e-03 4.0e-09 4.8e-05 2.8e-04 7.8e-07 5.2e-04 6.4e-10 4.0e-09 1.0e-15 1.0e+00 
   24 2.2e-02 -2.4e-01 -2.4e-01 3.5e-04 7.8e-09 9.3e-06 5.5e-05 1.5e-07 2.4e-04 4.4e-09 7.8e-09 1.0e-15 1.0e+00 
   25 2.2e-02 -2.4e-01 -2.4e-01 3.2e-05 8.0e-10 4.7e-07 2.8e-06 1.5e-08 1.0e-04 6.0e-10 8.0e-10 1.0e-15 1.0e+00 
   26 2.2e-02 -2.4e-01 -2.4e-01 1.2e-06 1.4e-10 4.7e-09 2.7e-08 3.7e-10 3.7e-05 1.4e-10 1.4e-10 1.0e-15 1.0e+00 
   27 2.2e-02 -2.4e-01 -2.4e-01 1.4e-08 4.8e-12 1.4e-11 4.1e-11 1.8e-12 1.2e-05 4.8e-12 4.8e-12 1.0e-15 1.0e+00 

time =

   37.4285

iter: 27, time: 3.74e+01
