
                            < M A T L A B (R) >
                  Copyright 1984-2023 The MathWorks, Inc.
                  R2023a (9.14.0.2206163) 64-bit (glnxa64)
                             February 22, 2023

Warning: X does not support locale en_US.UTF-8
 
To get started, type doc.
For product information, visit www.mathworks.com.
 
*************************************************************************************
Solving problem chainsing-50000-2 from pass dataset ...
[Matrices A]
	block 1: 274991 x 50000, norm  = 5.7008e+02, sparcity = 1.0909e-05
	block 2: 274991 x 25000, norm  = 2.2693e+03, sparcity = 1.4545e-05
	block 3: 274991 x 349988, norm  = 8.0621e+02, sparcity = 4.1560e-06
	total: 274991 x 424988, norm = 2.4748e+03, sparcity = 5.5616e-06
[Cone]
	block 1: 'b2l' [ 50000 ]
	block 2: 'u' [ 25000 ]
	block 3: 'q' [ 3 3 3 3 3 ... 3 3 3 3 50000 ]
		(Cartesian product of 99997 cones with sizes ranging from 3 to 50000)
System_opt = 2
Number of dense rows: 0
Number of sparse rows: 249991
Number of dense columns (new At): 1
Number of sparse columns (new At): 749975
Number of non-zero elements in lhs_structure: 1299938
 iter     sig     pobj     dobj  gaporg pinforg dinforg       F    tau1    tau2   CGres  nt_res  smooth    step 
    1 1.0e+01  1.7e+04 -8.2e+03 1.0e+00 1.2e+00 8.0e-02 1.3e+00 5.3e+00 5.9e-01 1.9e-15 1.5e-08 4.5e-06 9.0e-01 
    2 1.0e+01  2.3e+04  2.7e+03 7.9e-01 8.0e-01 2.3e-02 4.8e-01 5.0e-01 1.5e-01 4.6e-15 4.0e-15 2.0e-06 9.0e-01 
    3 1.0e+01  2.7e+04  9.9e+03 4.6e-01 5.3e-01 3.0e-02 5.5e-01 1.4e-01 6.6e-02 1.1e-14 1.3e-14 9.1e-07 5.8e-01 
    4 1.0e+01  2.8e+04  2.2e+04 1.2e-01 2.9e-01 2.0e-02 1.8e-01 1.2e-01 5.5e-02 8.3e-15 1.5e-14 4.1e-07 7.2e-01 
    5 1.0e+01  2.7e+04  2.4e+04 6.9e-02 9.6e-02 1.8e-02 2.7e-01 2.8e-02 3.6e-02 1.1e-14 4.9e-15 1.9e-07 9.0e-01 
    6 1.0e+01  2.6e+04  2.5e+04 2.0e-02 2.8e-02 1.1e-02 1.4e-01 3.1e-02 2.5e-02 1.2e-14 1.7e-14 8.4e-08 9.0e-01 
    7 1.0e+01  2.6e+04  2.6e+04 4.0e-03 7.4e-03 8.3e-03 1.1e-01 1.2e-02 1.6e-02 9.3e-15 1.3e-14 3.8e-08 9.0e-01 
    8 1.0e+01  2.6e+04  2.7e+04 1.7e-02 3.6e-03 5.7e-03 6.0e-02 7.3e-03 1.1e-02 1.2e-14 1.7e-14 1.7e-08 9.0e-01 
    9 1.0e+01  2.6e+04  2.7e+04 2.4e-02 2.3e-03 4.4e-03 3.3e-02 2.9e-03 6.8e-03 1.9e-14 2.8e-14 7.7e-09 9.0e-01 
   10 1.0e+01  2.6e+04  2.7e+04 2.6e-02 1.3e-03 3.5e-03 1.9e-02 1.2e-03 4.6e-03 4.8e-14 8.7e-14 3.5e-09 9.0e-01 
   11 1.0e+01  2.6e+04  2.7e+04 2.4e-02 6.7e-04 2.6e-03 1.1e-02 4.6e-04 3.1e-03 4.5e-14 7.7e-14 1.6e-09 9.0e-01 
   12 1.0e+01  2.6e+04  2.7e+04 1.7e-02 2.7e-04 1.7e-03 5.3e-03 1.8e-04 2.1e-03 2.8e-14 3.4e-14 7.0e-10 9.0e-01 
  -- sigma updated: 100.000000
   13 1.0e+02  2.6e+04  2.7e+04 1.7e-02 2.6e-02 9.7e-04 4.5e-02 6.1e-05 1.3e-03 2.0e-13 2.6e-13 3.2e-10 9.0e-01 
   14 1.0e+02  2.6e+04  2.7e+04 3.0e-03 4.2e-03 1.1e-04 8.5e-03 5.6e-04 7.9e-04 2.1e-13 2.4e-13 1.4e-10 9.0e-01 
   15 1.0e+02  2.6e+04  2.7e+04 6.5e-04 5.2e-04 3.2e-05 2.9e-03 8.0e-05 2.5e-04 3.9e-14 4.4e-14 6.4e-11 9.0e-01 
   16 1.0e+02  2.7e+04  2.7e+04 1.1e-04 5.7e-05 9.1e-06 1.2e-03 2.0e-05 1.1e-04 3.2e-14 3.8e-14 2.9e-11 9.0e-01 
   17 1.0e+02  2.7e+04  2.7e+04 2.4e-05 7.5e-06 3.6e-06 5.3e-04 4.2e-05 3.4e-04 1.4e-15 1.5e-15 1.3e-11 9.0e-01 
   18 1.0e+02  2.7e+04  2.7e+04 1.2e-06 8.7e-07 1.3e-06 2.4e-04 1.4e-05 1.8e-04 5.3e-15 5.4e-15 5.9e-12 9.0e-01 
   19 1.0e+02  2.7e+04  2.7e+04 1.2e-06 9.4e-08 5.4e-07 1.1e-04 4.7e-06 8.8e-05 2.3e-15 2.4e-15 2.6e-12 9.0e-01 
   20 1.0e+02  2.7e+04  2.7e+04 7.3e-07 9.7e-09 2.4e-07 4.8e-05 1.6e-06 4.7e-05 1.8e-15 1.8e-15 1.2e-12 9.0e-01 

time =

   14.4415

iter: 20, time: 1.44e+01
