
                            < M A T L A B (R) >
                  Copyright 1984-2023 The MathWorks, Inc.
                  R2023a (9.14.0.2206163) 64-bit (glnxa64)
                             February 22, 2023

Warning: X does not support locale en_US.UTF-8
 
To get started, type doc.
For product information, visit www.mathworks.com.
 
*************************************************************************************
Solving problem 2013_firL2a from pass dataset ...
[Matrices A]
	block 1: 1 x 2, norm  = 1.0000e+00, sparcity = 5.0000e-01
	total: 1 x 2, norm = 1.0000e+00, sparcity = 5.0000e-01
[Cone]
	block 1: 'q' [ 2 ]
System_opt = 2
Number of dense rows: 1
Number of sparse rows: 0
Number of dense columns (new At): 0
Number of sparse columns (new At): 0
Number of non-zero elements in lhs_structure: 0
 iter     sig     pobj     dobj  gaporg pinforg dinforg       F    tau1    tau2   CGres  nt_res  smooth    step 
    1 1.0e+00 -2.9e-02  2.4e-01 2.1e-01 4.0e-01 2.5e-01 8.3e-01 9.3e-01 8.0e-01 6.0e-17 6.3e-17 1.0e-12 5.9e-01 
    2 1.0e+00 -4.9e-02  2.7e-01 2.4e-01 2.6e-01 2.7e-01 5.5e-01 3.9e-01 6.2e-01 2.4e-17 4.8e-17 1.0e-12 5.9e-01 
    3 1.0e+00 -9.6e-02  1.6e-01 2.0e-01 7.3e-02 1.9e-01 2.3e-01 1.2e-01 4.4e-01 0.0e+00 4.0e-17 1.0e-12 1.0e+00 
    4 1.0e+00 -1.7e-01  3.3e-02 1.7e-01 1.6e-02 1.6e-01 3.4e-01 4.6e-03 2.9e-01 7.1e-17 5.1e-17 1.0e-12 1.0e+00 
    5 1.0e+00 -1.5e-01 -1.6e-01 1.1e-02 2.1e-04 2.3e-02 3.4e-02 3.7e-02 2.0e-01 0.0e+00 0.0e+00 1.0e-12 1.0e+00 
    6 1.0e+00 -1.4e-01 -1.5e-01 2.3e-03 1.4e-05 3.0e-03 3.5e-03 1.2e-03 1.2e-01 0.0e+00 2.1e-17 1.0e-12 1.0e+00 
    7 1.0e+00 -1.4e-01 -1.4e-01 1.4e-04 8.7e-07 1.9e-04 2.1e-04 2.2e-06 6.7e-02 0.0e+00 2.8e-18 1.0e-12 1.0e+00 
    8 1.0e+00 -1.4e-01 -1.4e-01 4.9e-06 3.0e-08 6.4e-06 7.3e-06 5.9e-10 3.5e-02 4.3e-19 4.0e-19 1.0e-12 1.0e+00 
    9 1.0e+00 -1.4e-01 -1.4e-01 8.6e-08 5.1e-10 1.1e-07 1.3e-07 7.1e-15 1.8e-02 0.0e+00 5.4e-20 1.0e-12 1.0e+00 

time =

    0.3562

iter: 9, time: 3.56e-01
