
                            < M A T L A B (R) >
                  Copyright 1984-2023 The MathWorks, Inc.
                  R2023a (9.14.0.2206163) 64-bit (glnxa64)
                             February 22, 2023

Warning: X does not support locale en_US.UTF-8
 
To get started, type doc.
For product information, visit www.mathworks.com.
 
*************************************************************************************
Solving problem 2013_wbNRL from pass dataset ...
[Matrices A]
	block 1: 1042 x 37081, norm  = 8.7524e+03, sparcity = 9.9210e-01
	block 2: 1042 x 3369, norm  = 1.2860e+02, sparcity = 2.2933e-01
	total: 1042 x 40450, norm = 8.7534e+03, sparcity = 9.2857e-01
[Cone]
	block 1: 'l' [ 37081 ]
	block 2: 'q' [ 1035 2068 38 38 38 38 38 38 38 ]
System_opt = 2
Number of dense rows: 1042
Number of sparse rows: 0
Number of dense columns (new At): 0
Number of sparse columns (new At): 0
Number of non-zero elements in lhs_structure: 0
 iter     sig     pobj     dobj  gaporg pinforg dinforg       F    tau1    tau2   CGres  nt_res  smooth    step 
    1 1.0e+00  1.4e+00  5.2e+00 5.0e-01 7.2e-01 4.5e-01 7.3e-01 9.9e-01 8.3e-01 8.9e-16 8.1e-14 5.0e-06 1.0e+00 
    2 1.0e+00  9.8e-01  3.1e+00 4.2e-01 6.9e-01 2.9e-01 3.4e-01 1.6e-01 6.5e-01 8.8e-16 8.7e-16 2.5e-06 1.0e+00 
    3 1.0e+00  4.6e-01  1.7e-02 3.0e-01 1.1e-01 2.1e-02 2.6e-02 2.2e-04 6.2e-03 2.2e-15 8.5e-14 1.3e-06 1.0e+00 
    4 1.0e+00  2.4e-01  4.1e-05 2.0e-01 1.4e-03 1.0e-02 1.2e-02 1.2e-05 3.4e-03 1.6e-15 2.4e-15 6.3e-07 1.0e+00 
    5 1.0e+00  1.2e-01 -7.1e-06 1.1e-01 6.7e-05 6.7e-03 7.4e-03 8.3e-07 2.2e-03 3.4e-16 3.4e-16 3.1e-07 1.0e+00 
    6 1.0e+00  6.1e-02 -3.6e-06 5.7e-02 1.6e-05 2.9e-03 3.2e-03 2.1e-07 1.5e-03 9.3e-16 1.2e-15 1.6e-07 1.0e+00 
    7 1.0e+00  3.1e-02 -1.8e-06 3.0e-02 4.5e-06 3.1e-03 3.4e-03 1.1e-07 9.4e-04 3.3e-16 3.3e-16 7.8e-08 1.0e+00 
    8 1.0e+00  1.5e-02 -9.1e-07 1.5e-02 1.7e-06 1.5e-03 1.7e-03 7.1e-08 6.7e-04 2.6e-16 2.6e-16 3.9e-08 1.0e+00 
    9 1.0e+00  7.6e-03 -4.5e-07 7.5e-03 5.7e-07 1.1e-03 1.2e-03 3.8e-08 4.3e-04 2.9e-16 2.9e-16 2.0e-08 1.0e+00 
   10 1.0e+00  3.8e-03 -2.3e-07 3.8e-03 3.1e-07 6.0e-04 7.0e-04 2.8e-08 2.9e-04 2.3e-16 2.3e-16 9.8e-09 1.0e+00 
  -- sigma updated: 1.500000
   11 1.5e+00  8.9e-04 -1.1e-07 8.8e-04 2.8e-03 1.3e-04 1.9e-04 1.7e-08 1.9e-04 2.9e-16 2.9e-16 4.9e-09 1.0e+00 
   12 1.5e+00  8.7e-04 -6.6e-08 8.7e-04 8.0e-09 5.3e-01 1.2e+00 2.0e-10 1.7e-06 4.6e-15 5.0e-15 2.4e-09 1.0e+00 
   13 1.5e+00  4.4e-04 -2.9e-04 7.3e-04 4.5e-05 9.0e-04 1.3e-03 1.2e-05 1.9e-05 1.6e-15 9.8e-13 1.2e-09 1.0e+00 
   14 1.5e+00  2.0e-04 -4.1e-05 2.5e-04 7.1e-08 1.6e-04 2.3e-04 3.1e-08 5.0e-05 1.2e-15 1.7e-15 6.1e-10 1.0e+00 
   15 1.5e+00  8.4e-05 -4.1e-05 1.3e-04 2.9e-09 7.8e-05 1.3e-04 3.8e-09 3.0e-05 1.3e-16 6.2e-16 3.1e-10 1.0e+00 
   16 1.5e+00  2.2e-05 -4.1e-05 6.2e-05 3.1e-09 4.3e-05 7.4e-05 2.2e-09 1.9e-05 3.1e-16 7.1e-15 1.5e-10 1.0e+00 
   17 1.5e+00 -8.7e-06 -3.9e-05 3.0e-05 2.1e-09 5.3e-05 1.0e-04 9.1e-10 1.3e-05 1.0e-15 4.2e-15 7.6e-11 1.0e+00 
   18 1.5e+00 -2.4e-05 -3.9e-05 1.5e-05 9.8e-10 2.5e-05 5.4e-05 1.0e-09 9.1e-06 5.6e-16 1.2e-15 3.8e-11 1.0e+00 
   19 1.5e+00 -3.1e-05 -3.9e-05 7.5e-06 1.2e-10 4.4e-05 9.8e-05 4.4e-10 5.9e-06 1.3e-16 3.9e-15 1.9e-11 1.0e+00 
 iter     sig     pobj     dobj  gaporg pinforg dinforg       F    tau1    tau2   CGres  nt_res  smooth    step 
   20 1.5e+00 -3.5e-05 -3.9e-05 3.8e-06 1.1e-10 1.7e-05 3.6e-05 5.9e-10 4.4e-06 8.0e-17 6.1e-15 9.5e-12 1.0e+00 
  -- sigma updated: 2.250000
   21 2.2e+00 -3.8e-05 -3.9e-05 2.7e-07 2.2e-04 7.6e-05 2.2e-04 1.4e-10 2.8e-06 2.0e-16 6.9e-15 4.8e-12 1.0e+00 
   22 2.2e+00 -3.8e-05 -3.9e-05 9.9e-07 8.1e-09 4.5e-06 7.6e-06 5.8e-09 1.6e-05 7.0e-17 2.0e-15 2.4e-12 1.0e+00 
   23 2.2e+00 -3.8e-05 -3.9e-05 3.9e-07 3.6e-13 2.3e-04 6.6e-04 1.1e-12 1.2e-07 3.8e-15 5.9e-15 1.2e-12 1.0e+00 
   24 2.2e+00 -3.9e-05 -3.9e-05 2.4e-07 3.0e-11 8.7e-07 1.3e-06 8.4e-10 9.1e-07 6.5e-17 2.2e-13 6.0e-13 1.0e+00 

time =

   20.0870

iter: 24, time: 2.01e+01
