
                            < M A T L A B (R) >
                  Copyright 1984-2023 The MathWorks, Inc.
                  R2023a (9.14.0.2206163) 64-bit (glnxa64)
                             February 22, 2023

Warning: X does not support locale en_US.UTF-8
 
To get started, type doc.
For product information, visit www.mathworks.com.
 
*************************************************************************************
Solving problem chainsing-50000-1 from pass dataset ...
[Matrices A]
	block 1: 324988 x 50000, norm  = 5.7008e+02, sparcity = 9.2309e-06
	block 2: 324988 x 25000, norm  = 2.2693e+03, sparcity = 1.2308e-05
	block 3: 324988 x 449982, norm  = 9.2194e+02, sparcity = 3.4189e-06
	total: 324988 x 524982, norm = 2.5149e+03, sparcity = 4.3958e-06
[Cone]
	block 1: 'b2l' [ 50000 ]
	block 2: 'u' [ 25000 ]
	block 3: 'q' [ 3 3 3 3 3 ... 3 3 3 3 3 ]
		(Cartesian product of 149994 cones with sizes ranging from 3 to 3)
System_opt = 2
Number of dense rows: 0
Number of sparse rows: 299988
Number of dense columns (new At): 0
Number of sparse columns (new At): 949964
Number of non-zero elements in lhs_structure: 1349932
 iter     sig     pobj     dobj  gaporg pinforg dinforg       F    tau1    tau2   CGres  nt_res  smooth    step 
    1 1.0e+00  5.7e+03  6.7e+04 8.4e-01 8.9e-01 1.9e-01 8.1e-01 9.4e-01 5.7e-01 2.8e-15 2.2e-10 1.0e-12 1.0e+00 
    2 1.0e+00  4.6e+04  6.0e+04 1.3e-01 8.1e-02 1.2e-01 2.1e-01 1.9e-01 1.1e-01 2.4e-13 2.2e-13 1.0e-12 1.0e+00 
    3 1.0e+00  5.0e+04  5.2e+04 1.8e-02 3.0e-02 3.3e-02 5.7e-02 1.8e-02 2.2e-02 9.3e-16 1.9e-08 1.0e-12 1.0e+00 
    4 1.0e+00  5.1e+04  5.2e+04 2.8e-03 1.8e-03 5.3e-03 7.9e-03 2.1e-03 3.0e-03 1.5e-15 1.5e-12 1.0e-12 1.0e+00 
    5 1.0e+00  5.2e+04  5.2e+04 4.2e-05 5.5e-05 6.8e-05 1.1e-04 1.6e-04 3.1e-04 5.4e-15 1.6e-12 1.0e-12 1.0e+00 
    6 1.0e+00  5.2e+04  5.2e+04 1.5e-07 4.8e-08 1.1e-07 1.9e-07 9.0e-06 1.8e-05 3.5e-15 6.1e-13 1.0e-12 1.0e+00 

time =

    5.8276

iter: 6, time: 5.83e+00
