
                            < M A T L A B (R) >
                  Copyright 1984-2023 The MathWorks, Inc.
                  R2023a (9.14.0.2206163) 64-bit (glnxa64)
                             February 22, 2023

Warning: X does not support locale en_US.UTF-8
 
To get started, type doc.
For product information, visit www.mathworks.com.
 
    ----------------------------------------------------
	Your license will expire in 5 days.
	Please contact your system administrator or
	MathWorks to renew this license.
    ----------------------------------------------------
*************************************************************************************
Solving problem 2013_firL2Linfalph from pass dataset ...
[Matrices A]
	block 1: 2002 x 91783, norm  = 3.5663e+04, sparcity = 6.6210e-01
	total: 2002 x 91783, norm = 3.5663e+04, sparcity = 6.6210e-01
[Cone]
	block 1: 'q' [ 2002 3 3 3 3 ... 3 3 3 3 3 ]
		(Cartesian product of 29928 cones with sizes ranging from 3 to 2002)
System_opt = 2
Number of dense rows: 2002
Number of sparse rows: 0
Number of dense columns (new At): 0
Number of sparse columns (new At): 0
Number of non-zero elements in lhs_structure: 0
 iter     sig     pobj     dobj  gaporg pinforg dinforg       F    tau1    tau2   CGres  nt_res  smooth    step 
    1 1.0e+02 -2.1e-01  1.1e-03 1.8e-01 2.7e+01 3.6e-03 5.7e+01 1.3e+04 8.4e-01 2.2e-14 2.4e-14 1.0e-12 1.0e+00 
    2 1.0e+02 -1.8e-01  1.6e+00 6.3e-01 2.2e+01 3.1e-02 6.0e+02 2.3e+01 2.4e-02 5.7e-14 7.2e-14 1.0e-12 5.9e-01 
    3 1.0e+02 -1.8e-01  1.5e+00 6.2e-01 2.2e+01 1.6e-02 1.8e+01 1.2e+03 3.5e-01 2.1e-13 3.7e-13 1.0e-12 1.0e+00 
    4 1.0e+02 -1.6e-01  6.6e-01 4.5e-01 2.0e+01 7.1e-03 3.4e+00 1.5e+01 1.0e-01 1.3e-14 1.3e-14 1.0e-12 1.0e+00 
    5 1.0e+02 -1.4e-01  4.6e-01 3.7e-01 1.6e+01 5.0e-03 2.2e+00 2.0e+00 5.1e-02 1.5e-14 1.4e-14 1.0e-12 1.0e+00 
    6 1.0e+02 -1.1e-01  3.5e-01 3.1e-01 1.3e+01 3.8e-03 1.2e+00 9.7e-01 3.2e-02 6.4e-15 8.8e-15 1.0e-12 1.0e+00 
    7 1.0e+02 -8.1e-02  2.3e-01 2.4e-01 8.5e+00 2.6e-03 1.1e+00 4.1e-01 2.1e-02 6.0e-15 1.2e-14 1.0e-12 1.0e+00 
    8 1.0e+02 -5.7e-02  1.3e-01 1.6e-01 4.8e+00 1.6e-03 1.2e+00 2.8e-01 1.3e-02 6.8e-15 1.5e-14 1.0e-12 1.0e+00 
    9 1.0e+02 -4.5e-02  5.5e-02 9.1e-02 2.1e+00 9.4e-04 1.9e+00 2.4e-01 7.6e-03 4.1e-15 1.5e-14 1.0e-12 1.0e+00 
   10 1.0e+02 -4.9e-02  1.4e-02 6.0e-02 6.3e-01 7.3e-04 4.8e+00 2.7e-01 4.4e-03 3.1e-15 1.7e-14 1.0e-12 1.0e+00 
   11 1.0e+02 -6.7e-02 -5.2e-04 6.3e-02 1.4e-01 7.0e-04 5.1e+00 5.1e-01 2.9e-03 3.1e-15 1.3e-14 1.0e-12 1.0e+00 
   12 1.0e+02 -7.2e-02 -5.8e-02 1.3e-02 2.5e-02 2.9e-04 3.3e+00 4.0e-01 2.1e-03 5.9e-15 1.3e-14 1.0e-12 1.0e+00 
  -- sigma updated: 1000.000000
   13 1.0e+03 -1.4e-01 -6.4e-02 6.4e-02 6.2e+00 1.5e-04 8.8e+00 2.0e-01 1.0e-03 6.1e-15 1.8e-14 1.0e-12 1.0e+00 
   14 1.0e+03 -1.0e-01 -7.3e-02 2.3e-02 2.2e+00 1.0e-04 1.2e+01 4.0e-01 5.5e-04 1.2e-14 2.1e-14 1.0e-12 1.0e+00 
   15 1.0e+03 -8.3e-02 -7.4e-02 7.5e-03 5.5e-01 5.7e-05 5.3e+00 4.0e-01 3.4e-04 4.2e-15 7.3e-15 1.0e-12 1.0e+00 
   16 1.0e+03 -7.9e-02 -7.5e-02 3.3e-03 8.9e-02 5.1e-05 2.9e+00 1.3e-01 1.9e-04 1.5e-14 2.3e-14 1.0e-12 1.0e+00 
   17 1.0e+03 -7.8e-02 -7.7e-02 8.0e-04 4.2e-02 3.0e-05 6.2e+00 3.7e-01 9.1e-04 1.1e-14 1.6e-14 1.0e-12 1.0e+00 
   18 1.0e+03 -7.8e-02 -7.8e-02 8.1e-06 1.4e-02 2.4e-05 3.1e-02 5.9e-01 5.2e-04 7.6e-15 1.0e-14 1.0e-12 1.0e+00 
   19 1.0e+03 -7.8e-02 -7.7e-02 5.6e-04 3.7e-03 1.9e-05 5.8e-04 2.2e-03 3.5e-04 4.8e-15 1.1e-14 1.0e-12 1.0e+00 
 iter     sig     pobj     dobj  gaporg pinforg dinforg       F    tau1    tau2   CGres  nt_res  smooth    step 
   20 1.0e+03 -7.8e-02 -7.7e-02 8.6e-04 7.0e-04 1.2e-05 3.2e-01 3.0e-05 2.3e-04 4.2e-15 5.9e-15 1.0e-12 1.0e+00 
   21 1.0e+03 -7.8e-02 -7.8e-02 6.1e-05 8.6e-05 3.8e-06 1.4e-03 1.3e-02 1.4e-04 2.8e-14 7.0e-14 1.0e-12 1.0e+00 
   22 1.0e+03 -7.8e-02 -7.8e-02 3.2e-05 4.8e-06 1.5e-06 5.7e-04 4.3e-05 5.9e-05 9.1e-15 5.5e-14 1.0e-12 1.0e+00 
   23 1.0e+03 -7.8e-02 -7.8e-02 8.2e-06 1.3e-07 3.5e-07 1.5e-04 1.3e-05 2.8e-05 5.9e-15 3.1e-14 1.0e-12 1.0e+00 
   24 1.0e+03 -7.8e-02 -7.8e-02 7.9e-07 1.3e-09 3.5e-08 1.2e-05 2.6e-06 1.0e-05 2.4e-15 8.9e-15 1.0e-12 1.0e+00 

time =

   89.0880

iter: 24, time: 8.91e+01
