
                            < M A T L A B (R) >
                  Copyright 1984-2023 The MathWorks, Inc.
                  R2023a (9.14.0.2206163) 64-bit (glnxa64)
                             February 22, 2023

Warning: X does not support locale en_US.UTF-8
 
To get started, type doc.
For product information, visit www.mathworks.com.
 
*************************************************************************************
Solving problem chainsing-50000-3 from pass dataset ...
[Matrices A]
	block 1: 224993 x 50000, norm  = 5.7008e+02, sparcity = 1.3333e-05
	block 2: 224993 x 25000, norm  = 2.2693e+03, sparcity = 1.7778e-05
	block 3: 224993 x 249992, norm  = 6.7081e+02, sparcity = 5.3335e-06
	total: 224993 x 324992, norm = 2.4341e+03, sparcity = 7.5215e-06
[Cone]
	block 1: 'b2l' [ 50000 ]
	block 2: 'u' [ 25000 ]
	block 3: 'q' [ 3 3 3 3 3 ... 3 3 3 3 99998 ]
		(Cartesian product of 49999 cones with sizes ranging from 3 to 99998)
System_opt = 2
Number of dense rows: 0
Number of sparse rows: 199993
Number of dense columns (new At): 2
Number of sparse columns (new At): 599981
Number of non-zero elements in lhs_structure: 1449935
 iter     sig     pobj     dobj  gaporg pinforg dinforg       F    tau1    tau2   CGres  nt_res  smooth    step 
    1 1.0e+00  1.1e-04  9.0e+03 1.0e+00 8.5e-01 2.1e+01 1.9e+02 2.4e+00 9.3e-01 1.1e-15 1.0e-15 1.0e-05 5.9e-01 
    2 1.0e+00  9.9e+00  1.1e+04 1.0e+00 5.5e-01 2.4e+01 1.2e+02 3.1e-01 6.1e-01 1.2e-14 6.7e-15 1.0e-05 5.9e-01 
    3 1.0e+00  6.1e+01  6.5e+03 9.8e-01 9.7e-02 1.1e+01 4.6e+01 9.8e-02 2.2e-01 4.6e-15 2.6e-14 9.7e-06 1.0e+00 
    4 1.0e+00  1.4e+02  3.1e+03 9.2e-01 9.4e-03 4.6e+00 2.2e+01 2.8e-02 6.0e-02 6.2e-15 9.7e-14 8.8e-06 1.0e+00 
    5 1.0e+00  2.5e+02  2.8e+03 8.4e-01 3.9e-03 2.3e+00 1.1e+01 9.1e-03 1.5e-02 1.6e-13 2.8e-12 7.6e-06 1.0e+00 
    6 1.0e+00  4.3e+02  2.6e+03 7.2e-01 2.0e-03 1.2e+00 5.5e+00 2.9e-03 4.1e-03 1.6e-13 8.6e-12 6.1e-06 1.0e+00 
    7 1.0e+00  7.0e+02  2.3e+03 5.4e-01 9.4e-04 5.3e-01 2.5e+00 9.0e-04 1.1e-03 3.3e-14 1.5e-11 3.9e-06 1.0e+00 
    8 1.0e+00  1.0e+03  2.0e+03 3.1e-01 3.6e-04 2.0e-01 9.4e-01 2.8e-04 3.0e-04 5.4e-12 3.1e-10 1.7e-06 1.0e+00 
    9 1.0e+00  1.3e+03  1.7e+03 1.1e-01 9.7e-05 5.3e-02 2.5e-01 8.4e-05 7.3e-05 9.8e-12 2.9e-08 3.5e-07 1.0e+00 
   10 1.0e+00  1.5e+03  1.5e+03 1.4e-02 1.3e-05 6.4e-03 3.1e-02 2.4e-05 1.6e-05 3.1e-11 7.0e-08 1.6e-08 1.0e+00 
  -- sigma updated: 2.087022
   11 2.1e+00  1.5e+03  1.5e+03 5.8e-03 3.6e-05 2.8e-02 2.1e-01 6.2e-06 2.6e-06 4.9e-11 2.1e-09 4.4e-09 5.9e-01 
   12 2.1e+00  1.5e+03  1.5e+03 1.3e-04 2.7e-07 5.7e-04 4.2e-03 3.0e-06 1.5e-06 1.3e-10 1.2e-07 1.6e-11 1.0e+00 
   13 2.1e+00  1.5e+03  1.5e+03 1.4e-07 1.4e-09 1.4e-06 1.1e-05 5.8e-07 1.3e-07 2.8e-09 9.9e-08 5.3e-16 1.0e+00 
   14 2.1e+00  1.5e+03  1.5e+03 7.9e-11 2.6e-13 5.0e-09 3.7e-08 1.9e-09 1.4e-07 2.4e-12 6.7e-11 7.0e-21 1.0e+00 

time =

   15.6681

iter: 14, time: 1.57e+01
