
                            < M A T L A B (R) >
                  Copyright 1984-2023 The MathWorks, Inc.
                  R2023a (9.14.0.2206163) 64-bit (glnxa64)
                             February 22, 2023

Warning: X does not support locale en_US.UTF-8
 
To get started, type doc.
For product information, visit www.mathworks.com.
 
[Warning: Function inv has the same name as a MATLAB built-in. We suggest you
rename the function to avoid a potential name conflict.] 
[> In path (line 109)
In addpath (line 86)
In startup (line 5)
In run (line 91)] 

SuiteSparse installed for MATLAB
*************************************************************************************
Solving problem 1dc.1024 from theta dataset ...
*************************************************************************************
Solving problem 1dc.128 from theta dataset ...
*************************************************************************************
Solving problem 1dc.2048 from theta dataset ...
*************************************************************************************
Solving problem 1dc.256 from theta dataset ...
*************************************************************************************
Solving problem 1dc.512 from theta dataset ...
*************************************************************************************
Solving problem 1dc.64 from theta dataset ...
*************************************************************************************
Solving problem 1et.1024 from theta dataset ...
*************************************************************************************
Solving problem 1et.128 from theta dataset ...
*************************************************************************************
Solving problem 1et.2048 from theta dataset ...
*************************************************************************************
Solving problem 1et.256 from theta dataset ...
*************************************************************************************
Solving problem 1et.512 from theta dataset ...
*************************************************************************************
Solving problem 1et.64 from theta dataset ...
*************************************************************************************
Solving problem 1tc.1024 from theta dataset ...
*************************************************************************************
Solving problem 1tc.128 from theta dataset ...
*************************************************************************************
Solving problem 1tc.2048 from theta dataset ...
*************************************************************************************
Solving problem 1tc.256 from theta dataset ...
*************************************************************************************
Solving problem 1tc.512 from theta dataset ...
*************************************************************************************
Solving problem 1tc.64 from theta dataset ...
*************************************************************************************
Solving problem 1zc.1024 from theta dataset ...
*************************************************************************************
Solving problem 1zc.128 from theta dataset ...
*************************************************************************************
Solving problem 1zc.2048 from theta dataset ...
*************************************************************************************
Solving problem 1zc.256 from theta dataset ...
*************************************************************************************
Solving problem 1zc.4096 from theta dataset ...
*************************************************************************************
Solving problem 1zc.512 from theta dataset ...
*************************************************************************************
Solving problem 2dc.1024 from theta dataset ...
*************************************************************************************
Solving problem 2dc.128 from theta dataset ...
*************************************************************************************
Solving problem 2dc.2048 from theta dataset ...
*************************************************************************************
Solving problem 2dc.256 from theta dataset ...
*************************************************************************************
Solving problem 2dc.512 from theta dataset ...
*************************************************************************************
Solving problem brock200-1 from theta dataset ...
*************************************************************************************
Solving problem brock200-4 from theta dataset ...
*************************************************************************************
Solving problem brock400-1 from theta dataset ...
*************************************************************************************
Solving problem c-fat200-1 from theta dataset ...
*************************************************************************************
Solving problem G43 from theta dataset ...
*************************************************************************************
Solving problem G44 from theta dataset ...
*************************************************************************************
Solving problem G45 from theta dataset ...
*************************************************************************************
Solving problem G46 from theta dataset ...
*************************************************************************************
Solving problem G47 from theta dataset ...
*************************************************************************************
Solving problem G51 from theta dataset ...
*************************************************************************************
Solving problem G52 from theta dataset ...
*************************************************************************************
Solving problem G53 from theta dataset ...
*************************************************************************************
Solving problem G54 from theta dataset ...
*************************************************************************************
Solving problem hamming-10-2 from theta dataset ...
*************************************************************************************
Solving problem hamming-6-4 from theta dataset ...
*************************************************************************************
Solving problem hamming-7-5-6 from theta dataset ...
*************************************************************************************
Solving problem hamming-8-3-4 from theta dataset ...
*************************************************************************************
Solving problem hamming-8-4 from theta dataset ...
*************************************************************************************
Solving problem hamming-9-5-6 from theta dataset ...
*************************************************************************************
Solving problem hamming-9-8 from theta dataset ...
*************************************************************************************
Solving problem johnson16-2-4 from theta dataset ...
*************************************************************************************
Solving problem johnson8-4-4 from theta dataset ...
*************************************************************************************
Solving problem keller4 from theta dataset ...
*************************************************************************************
Solving problem p-hat300-1 from theta dataset ...
*************************************************************************************
Solving problem san200-0.7-1 from theta dataset ...
*************************************************************************************
Solving problem sanr200-0.7 from theta dataset ...
*************************************************************************************
Solving problem theta102 from theta dataset ...
*************************************************************************************
Solving problem theta103 from theta dataset ...
*************************************************************************************
Solving problem theta104 from theta dataset ...
*************************************************************************************
Solving problem theta10 from theta dataset ...
*************************************************************************************
Solving problem theta12 from theta dataset ...
*************************************************************************************
Solving problem theta123 from theta dataset ...
*************************************************************************************
Solving problem theta32 from theta dataset ...
*************************************************************************************
Solving problem theta4 from theta dataset ...
*************************************************************************************
Solving problem theta42 from theta dataset ...
*************************************************************************************
Solving problem theta6 from theta dataset ...
*************************************************************************************
Solving problem theta62 from theta dataset ...
*************************************************************************************
Solving problem theta8 from theta dataset ...
*************************************************************************************
Solving problem theta82 from theta dataset ...
*************************************************************************************
Solving problem theta83 from theta dataset ...
时间的几何平均值为:7.78e+00,cg每次迭代次数5.00e+01,sigma增大指数7.00e+02


probname & m & n & pobj & pinf & dinf & relgap & etaK1 & etaK2 & etaC1 & etaC2 & iter & time & X_rank & S_rank \\ \hline 
1dc.1024& 24064 & 1024 & -9.60e+01 & 4.45e-08 & 8.22e-07 & 2.14e-07 & 6.96e-07 & 0.00e+00 & 2.50e-13 & 0.00e+00 & 141 & 694.1 & 101 & 915 \\ \hline
1dc.128& 1472 & 128 & -1.68e+01 & 2.12e-09 & 6.33e-07 & 2.01e-07 & 7.85e-08 & 0.00e+00 & 1.30e-11 & 0.00e+00 & 96 & 12.6 & 37 & 82 \\ \hline
1dc.2048& 58368 & 2048 & -1.75e+02 & 2.05e-07 & 8.55e-07 & 1.05e-06 & 6.75e-07 & 0.00e+00 & 3.47e-11 & 0.00e+00 & 51 & 597.9 & 137 & 1911 \\ \hline
1dc.256& 3840 & 256 & -3.00e+01 & 1.86e-09 & 5.23e-08 & 1.17e-07 & 1.36e-08 & 0.00e+00 & 2.57e-12 & 0.00e+00 & 68 & 29.4 & 1 & 244 \\ \hline
1dc.512& 9728 & 512 & -5.30e+01 & 6.99e-08 & 7.35e-07 & 2.05e-07 & 6.89e-07 & 0.00e+00 & 1.72e-12 & 0.00e+00 & 173 & 260.3 & 72 & 432 \\ \hline
1dc.64& 544 & 64 & -1.00e+01 & 2.77e-08 & 8.56e-07 & 6.55e-07 & 3.64e-07 & 0.00e+00 & 1.11e-10 & 0.00e+00 & 45 & 3.2 & 19 & 42 \\ \hline
1et.1024& 9601 & 1024 & -1.84e+02 & 2.25e-08 & 2.86e-07 & 5.95e-09 & 8.17e-10 & 0.00e+00 & 3.86e-13 & 0.00e+00 & 111 & 273.6 & 193 & 831 \\ \hline
1et.128& 673 & 128 & -2.92e+01 & 4.20e-07 & 6.98e-07 & 3.22e-07 & 3.58e-09 & 0.00e+00 & 9.21e-12 & 0.00e+00 & 65 & 2.9 & 65 & 63 \\ \hline
1et.2048& 22529 & 2048 & -3.42e+02 & 2.06e-07 & 1.87e-07 & 2.11e-09 & 8.30e-09 & 0.00e+00 & 1.96e-12 & 0.00e+00 & 150 & 2108.9 & 288 & 1768 \\ \hline
1et.256& 1665 & 256 & -5.51e+01 & 2.54e-09 & 2.63e-07 & 1.38e-08 & 7.75e-09 & 0.00e+00 & 2.47e-12 & 0.00e+00 & 75 & 13.7 & 57 & 199 \\ \hline
1et.512& 4033 & 512 & -1.04e+02 & 6.03e-09 & 4.17e-07 & 4.78e-08 & 2.88e-08 & 0.00e+00 & 5.39e-12 & 0.00e+00 & 59 & 29.8 & 67 & 431 \\ \hline
1et.64& 265 & 64 & -1.88e+01 & 2.07e-10 & 1.11e-07 & 5.77e-08 & 2.36e-10 & 0.00e+00 & 7.09e-11 & 0.00e+00 & 13 & 0.4 & 17 & 47 \\ \hline
1tc.1024& 7937 & 1024 & -2.06e+02 & 2.23e-07 & 8.22e-07 & 4.63e-07 & 8.23e-07 & 0.00e+00 & 1.65e-12 & 0.00e+00 & 120 & 287.3 & 137 & 850 \\ \hline
1tc.128& 513 & 128 & -3.80e+01 & 5.92e-10 & 3.87e-07 & 5.17e-08 & 1.26e-09 & 0.00e+00 & 6.32e-12 & 0.00e+00 & 39 & 2.0 & 3 & 117 \\ \hline
1tc.2048& 18945 & 2048 & -3.75e+02 & 2.93e-07 & 1.19e-07 & 8.88e-07 & 7.14e-07 & 0.00e+00 & 9.46e-15 & 0.00e+00 & 153 & 2085.9 & 214 & 1771 \\ \hline
1tc.256& 1313 & 256 & -6.34e+01 & 2.63e-08 & 5.66e-07 & 3.28e-08 & 9.40e-07 & 0.00e+00 & 1.64e-12 & 0.00e+00 & 98 & 24.8 & 37 & 203 \\ \hline
1tc.512& 3265 & 512 & -1.13e+02 & 8.26e-08 & 9.05e-07 & 7.04e-08 & 6.35e-07 & 0.00e+00 & 2.82e-12 & 0.00e+00 & 138 & 117.7 & 145 & 347 \\ \hline
1tc.64& 193 & 64 & -2.00e+01 & 5.28e-08 & 4.51e-07 & 7.60e-08 & 2.45e-10 & 0.00e+00 & 1.43e-10 & 0.00e+00 & 37 & 1.0 & 29 & 35 \\ \hline
1zc.1024& 16641 & 1024 & -1.29e+02 & 1.17e-08 & 3.20e-07 & 7.13e-08 & 7.07e-08 & 0.00e+00 & 4.49e-11 & 0.00e+00 & 33 & 16.5 & 243 & 781 \\ \hline
1zc.128& 1121 & 128 & -2.07e+01 & 1.23e-08 & 3.56e-07 & 1.18e-07 & 2.50e-10 & 0.00e+00 & 2.71e-11 & 0.00e+00 & 21 & 0.8 & 57 & 71 \\ \hline
1zc.2048& 39425 & 2048 & -2.37e+02 & 1.44e-07 & 7.29e-08 & 1.06e-07 & 1.69e-10 & 0.00e+00 & 2.39e-11 & 0.00e+00 & 47 & 151.2 & 903 & 1145 \\ \hline
1zc.256& 2817 & 256 & -3.80e+01 & 1.21e-08 & 5.92e-08 & 4.21e-08 & 1.06e-09 & 0.00e+00 & 4.97e-11 & 0.00e+00 & 22 & 1.3 & 63 & 193 \\ \hline
1zc.4096& 92161 & 4096 & -4.49e+02 & 2.64e-09 & 3.56e-08 & 1.21e-08 & 4.11e-09 & 0.00e+00 & 2.05e-11 & 0.00e+00 & 59 & 1256.6 & 913 & 3183 \\ \hline
1zc.512& 6913 & 512 & -6.88e+01 & 3.88e-08 & 7.20e-07 & 1.88e-07 & 2.95e-09 & 0.00e+00 & 5.24e-11 & 0.00e+00 & 37 & 4.8 & 208 & 277 \\ \hline
2dc.1024& 169163 & 1024 & -1.86e+01 & 3.11e-07 & 2.58e-07 & 3.59e-08 & 3.53e-07 & 0.00e+00 & 1.63e-13 & 0.00e+00 & 122 & 764.4 & 422 & 519 \\ \hline
2dc.128& 5174 & 128 & -5.24e+00 & 2.32e-07 & 9.84e-09 & 8.88e-07 & 1.75e-06 & 0.00e+00 & 1.02e-08 & 0.00e+00 & 1000 & 113.4 & 48 & 67 \\ \hline
2dc.2048& 504452 & 2048 & -3.07e+01 & 5.52e-07 & 3.76e-07 & 1.47e-06 & 3.35e-07 & 0.00e+00 & 1.88e-12 & 0.00e+00 & 188 & 6114.1 & 657 & 1264 \\ \hline
2dc.256& 17184 & 256 & -7.46e+00 & 6.88e-09 & 4.83e-07 & 2.14e-07 & 5.61e-08 & 0.00e+00 & 8.11e-13 & 0.00e+00 & 110 & 91.9 & 126 & 100 \\ \hline
2dc.512& 54896 & 512 & -1.18e+01 & 1.49e-08 & 1.90e-07 & 2.26e-08 & 5.29e-07 & 0.00e+00 & 5.87e-13 & 0.00e+00 & 105 & 203.6 & 298 & 186 \\ \hline
brock200-1& 5067 & 200 & -2.75e+01 & 3.60e-10 & 1.22e-07 & 1.92e-08 & 1.63e-11 & 0.00e+00 & 2.66e-12 & 0.00e+00 & 22 & 3.1 & 63 & 137 \\ \hline
brock200-4& 6812 & 200 & -2.13e+01 & 2.91e-10 & 7.12e-08 & 8.75e-09 & 1.38e-11 & 0.00e+00 & 1.51e-12 & 0.00e+00 & 22 & 3.4 & 77 & 123 \\ \hline
brock400-1& 20078 & 400 & -3.97e+01 & 6.03e-08 & 3.53e-07 & 5.72e-08 & 9.93e-10 & 0.00e+00 & 3.57e-11 & 0.00e+00 & 21 & 5.8 & 123 & 277 \\ \hline
c-fat200-1& 18367 & 200 & -1.20e+01 & 2.59e-09 & 1.47e-07 & 4.19e-08 & 1.55e-10 & 0.00e+00 & 1.03e-11 & 0.00e+00 & 22 & 3.4 & 14 & 185 \\ \hline
G43& 9991 & 1000 & -2.81e+02 & 8.25e-10 & 4.47e-08 & 2.60e-09 & 5.78e-10 & 0.00e+00 & 4.41e-11 & 0.00e+00 & 39 & 18.3 & 58 & 942 \\ \hline
G44& 9991 & 1000 & -2.81e+02 & 1.36e-09 & 7.63e-08 & 4.60e-09 & 1.04e-09 & 0.00e+00 & 7.05e-11 & 0.00e+00 & 39 & 19.3 & 59 & 941 \\ \hline
G45& 9991 & 1000 & -2.80e+02 & 1.39e-09 & 7.89e-08 & 3.76e-09 & 9.87e-10 & 0.00e+00 & 7.44e-11 & 0.00e+00 & 39 & 18.7 & 58 & 942 \\ \hline
G46& 9991 & 1000 & -2.80e+02 & 6.94e-10 & 4.30e-08 & 3.10e-09 & 4.01e-10 & 0.00e+00 & 3.22e-11 & 0.00e+00 & 39 & 19.3 & 59 & 941 \\ \hline
G47& 9991 & 1000 & -2.82e+02 & 7.63e-10 & 4.28e-08 & 2.51e-09 & 4.75e-10 & 0.00e+00 & 4.17e-11 & 0.00e+00 & 39 & 19.9 & 58 & 942 \\ \hline
G51& 5910 & 1000 & -3.49e+02 & 9.32e-08 & 3.39e-07 & 4.20e-08 & 4.01e-07 & 0.00e+00 & 1.14e-10 & 0.00e+00 & 179 & 245.7 & 119 & 787 \\ \hline
G52& 5917 & 1000 & -3.48e+02 & 6.41e-08 & 2.83e-07 & 7.80e-08 & 7.63e-07 & 0.00e+00 & 1.96e-12 & 0.00e+00 & 264 & 993.3 & 134 & 757 \\ \hline
G53& 5915 & 1000 & -3.48e+02 & 6.19e-07 & 9.14e-10 & 1.31e-06 & 1.02e-05 & 0.00e+00 & 1.49e-15 & 0.00e+00 & 1000 & 4618.4 & 52 & 800 \\ \hline
G54& 5917 & 1000 & -3.41e+02 & 4.04e-08 & 2.67e-07 & 6.66e-09 & 8.41e-07 & 0.00e+00 & 5.84e-14 & 0.00e+00 & 150 & 245.0 & 78 & 876 \\ \hline
hamming-10-2& 23041 & 1024 & -1.02e+02 & 8.15e-07 & 5.62e-07 & 1.82e-06 & 7.07e-17 & 0.00e+00 & 5.29e-14 & 0.00e+00 & 24 & 5.9 & 253 & 771 \\ \hline
hamming-6-4& 1313 & 64 & -5.33e+00 & 3.07e-07 & 1.75e-07 & 4.68e-07 & 1.18e-08 & 0.00e+00 & 9.49e-10 & 0.00e+00 & 9 & 0.2 & 22 & 42 \\ \hline
hamming-7-5-6& 1793 & 128 & -4.27e+01 & 5.22e-08 & 4.62e-08 & 3.08e-08 & 4.90e-10 & 0.00e+00 & 2.48e-10 & 0.00e+00 & 13 & 0.4 & 9 & 119 \\ \hline
hamming-8-3-4& 16129 & 256 & -2.56e+01 & 2.66e-07 & 1.26e-07 & 2.27e-07 & 1.53e-08 & 0.00e+00 & 5.26e-09 & 0.00e+00 & 11 & 0.5 & 37 & 219 \\ \hline
hamming-8-4& 11777 & 256 & -1.60e+01 & 2.05e-07 & 1.02e-07 & 2.85e-07 & 2.29e-08 & 0.00e+00 & 4.11e-10 & 0.00e+00 & 10 & 0.5 & 72 & 184 \\ \hline
hamming-9-5-6& 53761 & 512 & -8.53e+01 & 1.52e-08 & 9.41e-09 & 6.49e-09 & 1.09e-11 & 0.00e+00 & 4.92e-12 & 0.00e+00 & 14 & 1.2 & 11 & 501 \\ \hline
hamming-9-8& 2305 & 512 & -2.24e+02 & 7.78e-07 & 9.02e-07 & 5.47e-07 & 2.15e-16 & 0.00e+00 & 6.16e-18 & 0.00e+00 & 35 & 2.3 & 19 & 493 \\ \hline
johnson16-2-4& 1681 & 120 & -8.00e+00 & 4.48e-07 & 3.23e-07 & 2.08e-06 & 2.67e-17 & 0.00e+00 & 4.59e-18 & 0.00e+00 & 9 & 0.3 & 105 & 15 \\ \hline
johnson8-4-4& 561 & 70 & -1.40e+01 & 7.93e-08 & 5.20e-08 & 6.63e-08 & 6.04e-11 & 0.00e+00 & 1.91e-11 & 0.00e+00 & 10 & 0.3 & 15 & 55 \\ \hline
keller4& 5101 & 171 & -1.40e+01 & 8.54e-09 & 4.48e-07 & 1.08e-07 & 1.66e-09 & 0.00e+00 & 3.42e-10 & 0.00e+00 & 18 & 2.0 & 67 & 104 \\ \hline
p-hat300-1& 33918 & 300 & -1.01e+01 & 5.95e-08 & 5.39e-07 & 1.18e-08 & 0.00e+00 & 0.00e+00 & 1.55e-09 & 0.00e+00 & 104 & 60.0 & 224 & 97 \\ \hline
san200-0.7-1& 5971 & 200 & -3.00e+01 & 1.14e-07 & 7.18e-07 & 6.28e-07 & 2.55e-09 & 0.00e+00 & 3.55e-10 & 0.00e+00 & 15 & 1.4 & 1 & 192 \\ \hline
sanr200-0.7& 6033 & 200 & -2.38e+01 & 4.72e-10 & 3.86e-07 & 6.56e-08 & 9.05e-11 & 0.00e+00 & 1.64e-11 & 0.00e+00 & 22 & 3.2 & 71 & 129 \\ \hline
theta102& 37467 & 500 & -3.84e+01 & 4.71e-08 & 1.45e-07 & 2.56e-08 & 1.32e-09 & 0.00e+00 & 6.62e-11 & 0.00e+00 & 18 & 7.8 & 174 & 326 \\ \hline
theta103& 62516 & 500 & -2.25e+01 & 2.21e-07 & 9.77e-07 & 5.81e-07 & 7.02e-09 & 0.00e+00 & 7.76e-10 & 0.00e+00 & 21 & 9.9 & 252 & 248 \\ \hline
theta104& 87245 & 500 & -1.33e+01 & 2.65e-08 & 2.30e-07 & 1.94e-07 & 1.97e-10 & 0.00e+00 & 5.74e-10 & 0.00e+00 & 28 & 14.7 & 328 & 172 \\ \hline
theta10& 12470 & 500 & -8.38e+01 & 7.69e-10 & 2.85e-08 & 1.53e-09 & 4.09e-10 & 0.00e+00 & 4.03e-11 & 0.00e+00 & 27 & 6.0 & 83 & 417 \\ \hline
theta12& 17979 & 600 & -9.28e+01 & 1.45e-09 & 4.03e-08 & 2.89e-09 & 5.31e-10 & 0.00e+00 & 6.64e-11 & 0.00e+00 & 27 & 7.9 & 100 & 500 \\ \hline
theta123& 90020 & 600 & -2.47e+01 & 1.97e-08 & 1.62e-07 & 1.12e-07 & 1.45e-10 & 0.00e+00 & 2.11e-10 & 0.00e+00 & 23 & 19.4 & 301 & 299 \\ \hline
theta32& 2286 & 150 & -2.76e+01 & 7.72e-12 & 3.79e-08 & 6.20e-09 & 6.94e-12 & 0.00e+00 & 1.16e-12 & 0.00e+00 & 25 & 2.3 & 40 & 110 \\ \hline
theta4& 1949 & 200 & -5.03e+01 & 7.13e-11 & 8.57e-08 & 1.17e-08 & 7.16e-11 & 0.00e+00 & 7.87e-12 & 0.00e+00 & 27 & 2.5 & 32 & 168 \\ \hline
theta42& 5986 & 200 & -2.39e+01 & 4.50e-09 & 5.54e-07 & 5.71e-08 & 2.38e-10 & 0.00e+00 & 1.32e-11 & 0.00e+00 & 21 & 2.8 & 70 & 130 \\ \hline
theta6& 4375 & 300 & -6.35e+01 & 4.33e-09 & 2.87e-07 & 2.66e-08 & 2.31e-09 & 0.00e+00 & 2.98e-10 & 0.00e+00 & 26 & 2.6 & 49 & 251 \\ \hline
theta62& 13390 & 300 & -2.96e+01 & 1.40e-08 & 4.21e-07 & 1.05e-08 & 5.61e-10 & 0.00e+00 & 7.62e-11 & 0.00e+00 & 18 & 3.5 & 104 & 196 \\ \hline
theta8& 7905 & 400 & -7.40e+01 & 1.34e-08 & 4.26e-07 & 1.91e-08 & 6.29e-09 & 0.00e+00 & 7.64e-10 & 0.00e+00 & 26 & 3.6 & 67 & 333 \\ \hline
theta82& 23872 & 400 & -3.44e+01 & 7.97e-09 & 1.06e-07 & 5.60e-09 & 1.99e-10 & 0.00e+00 & 3.06e-11 & 0.00e+00 & 18 & 6.1 & 138 & 262 \\ \hline
theta83& 39862 & 400 & -2.03e+01 & 5.31e-08 & 2.36e-07 & 1.04e-07 & 2.42e-09 & 0.00e+00 & 3.93e-10 & 0.00e+00 & 20 & 7.8 & 201 & 199 \\ \hline

